  BSP.cpp
  Controller.cpp
Controller.cpp(70): warning C4838: conversion from 'int' to 'float' requires a narrowing conversion
Controller.cpp(70): warning C4305: 'initializing': truncation from 'int' to 'float'
Controller.cpp(70): warning C4838: conversion from 'unsigned int' to 'float' requires a narrowing conversion
Controller.cpp(70): warning C4305: 'initializing': truncation from 'unsigned int' to 'float'
Controller.cpp(214): warning C4800: 'int': forcing value to bool 'true' or 'false' (performance warning)
Controller.cpp(257): warning C4554: '&': check operator precedence for possible error; use parentheses to clarify precedence
  Memory.cpp
Memory.cpp(125): warning C4800: 'DWORD': forcing value to bool 'true' or 'false' (performance warning)
Memory.cpp(135): warning C4800: 'DWORD': forcing value to bool 'true' or 'false' (performance warning)
Memory.cpp(161): warning C4800: 'DWORD': forcing value to bool 'true' or 'false' (performance warning)
t:\personal\visual studio\cs-go-kernel\kernel controller\Memory.h(81): warning C4101: 'Return': unreferenced local variable
  Memory.cpp(23): note: see reference to function template instantiation 'type Memory::ReadVirtualMemory<DWORD>(DWORD,SIZE_T)' being compiled
          with
          [
              type=DWORD
          ]
t:\personal\visual studio\cs-go-kernel\kernel controller\Memory.h(81): warning C4101: 'Bytes': unreferenced local variable
  Generating code
  All 207 functions were compiled because no usable IPDB/IOBJ from previous compilation was found.
  Finished generating code
  Kernel Controller.vcxproj -> T:\Personal\Visual Studio\CS-GO-Kernel\x64\Release\Kernel Controller.exe
